<?xml version="1.0" encoding="UTF-8"?>
<!-- Generated by org.testng.reporters.JUnitReportReporter -->
<testsuite skipped="0" hostname="DESKTOP-1JFAMJF" name="parallelpack.ParallelExecutionDemo" tests="3" failures="0" timestamp="2021-06-27T12:33:03 IST" time="136.043" errors="0">
  <testcase name="googleOpen" time="35.769" classname="parallelpack.ParallelExecutionDemo"/>
  <system-out/>
  <testcase name="bingOpen" time="30.352" classname="parallelpack.ParallelExecutionDemo"/>
  <system-out/>
  <testcase name="yahooOpen" time="69.922" classname="parallelpack.ParallelExecutionDemo"/>
  <system-out/>
</testsuite> <!-- parallelpack.ParallelExecutionDemo -->
