<?xml version="1.0" encoding="UTF-8"?>
<!-- Generated by org.testng.reporters.JUnitReportReporter -->
<testsuite skipped="0" hostname="DESKTOP-1JFAMJF" name="testpack.PrioritiseTestcases" tests="1" failures="0" timestamp="2021-06-27T12:33:03 IST" time="0.018" errors="0">
  <testcase name="startTheGear" time="0.018" classname="testpack.PrioritiseTestcases"/>
  <system-out/>
</testsuite> <!-- testpack.PrioritiseTestcases -->
